<?xml version="1.0" encoding="UTF-8"?>
<testsuite name="UrlShortenerServiceTest" tests="4" skipped="0" failures="0" errors="0" timestamp="2016-12-13T02:21:35" hostname="noomen-pc" time="0.617">
  <properties/>
  <testcase name="savetoRedisExistantExpandedUrlHttps" classname="UrlShortenerServiceTest" time="0.543"/>
  <testcase name="savetoRedisNonExistantExpandedUrlHttps" classname="UrlShortenerServiceTest" time="0.03"/>
  <testcase name="savetoRedisNonExistantExpandedUrlHttp" classname="UrlShortenerServiceTest" time="0.017"/>
  <testcase name="savetoRedisExistantExpandedUrlHttp" classname="UrlShortenerServiceTest" time="0.018"/>
  <system-out><![CDATA[21:21:35.979 [Test worker] DEBUG io.netty.util.internal.logging.InternalLoggerFactory - Using SLF4J as the default logging framework
21:21:35.995 [Test worker] DEBUG io.netty.util.internal.PlatformDependent0 - java.nio.Buffer.address: available
21:21:35.995 [Test worker] DEBUG io.netty.util.internal.PlatformDependent0 - sun.misc.Unsafe.theUnsafe: available
21:21:35.996 [Test worker] DEBUG io.netty.util.internal.PlatformDependent0 - sun.misc.Unsafe.copyMemory: available
21:21:35.996 [Test worker] DEBUG io.netty.util.internal.PlatformDependent0 - direct buffer constructor: available
21:21:35.998 [Test worker] DEBUG io.netty.util.internal.PlatformDependent0 - java.nio.Bits.unaligned: available, true
21:21:36.000 [Test worker] DEBUG io.netty.util.internal.PlatformDependent0 - java.nio.DirectByteBuffer.<init>(long, int): available
21:21:36.001 [Test worker] DEBUG io.netty.util.internal.Cleaner0 - java.nio.ByteBuffer.cleaner(): available
21:21:36.002 [Test worker] DEBUG io.netty.util.internal.PlatformDependent - Java version: 8
21:21:36.002 [Test worker] DEBUG io.netty.util.internal.PlatformDependent - -Dio.netty.noUnsafe: false
21:21:36.002 [Test worker] DEBUG io.netty.util.internal.PlatformDependent - sun.misc.Unsafe: available
21:21:36.002 [Test worker] DEBUG io.netty.util.internal.PlatformDependent - -Dio.netty.noJavassist: false
21:21:36.003 [Test worker] DEBUG io.netty.util.internal.PlatformDependent - Javassist: unavailable
21:21:36.004 [Test worker] DEBUG io.netty.util.internal.PlatformDependent - You don't have Javassist in your class path or you don't have enough permission to load dynamically generated classes.  Please check the configuration for better performance.
21:21:36.004 [Test worker] DEBUG io.netty.util.internal.PlatformDependent - -Dio.netty.tmpdir: /tmp (java.io.tmpdir)
21:21:36.004 [Test worker] DEBUG io.netty.util.internal.PlatformDependent - -Dio.netty.bitMode: 32 (sun.arch.data.model)
21:21:36.004 [Test worker] DEBUG io.netty.util.internal.PlatformDependent - -Dio.netty.noPreferDirect: false
21:21:36.004 [Test worker] DEBUG io.netty.util.internal.PlatformDependent - io.netty.maxDirectMemory: 954466304 bytes
21:21:36.004 [Test worker] DEBUG io.netty.buffer.PooledByteBufAllocator - -Dio.netty.allocator.numHeapArenas: 8
21:21:36.004 [Test worker] DEBUG io.netty.buffer.PooledByteBufAllocator - -Dio.netty.allocator.numDirectArenas: 8
21:21:36.004 [Test worker] DEBUG io.netty.buffer.PooledByteBufAllocator - -Dio.netty.allocator.pageSize: 8192
21:21:36.005 [Test worker] DEBUG io.netty.buffer.PooledByteBufAllocator - -Dio.netty.allocator.maxOrder: 11
21:21:36.005 [Test worker] DEBUG io.netty.buffer.PooledByteBufAllocator - -Dio.netty.allocator.chunkSize: 16777216
21:21:36.005 [Test worker] DEBUG io.netty.buffer.PooledByteBufAllocator - -Dio.netty.allocator.tinyCacheSize: 512
21:21:36.005 [Test worker] DEBUG io.netty.buffer.PooledByteBufAllocator - -Dio.netty.allocator.smallCacheSize: 256
21:21:36.005 [Test worker] DEBUG io.netty.buffer.PooledByteBufAllocator - -Dio.netty.allocator.normalCacheSize: 64
21:21:36.005 [Test worker] DEBUG io.netty.buffer.PooledByteBufAllocator - -Dio.netty.allocator.maxCachedBufferCapacity: 32768
21:21:36.005 [Test worker] DEBUG io.netty.buffer.PooledByteBufAllocator - -Dio.netty.allocator.cacheTrimInterval: 8192
21:21:36.031 [Test worker] DEBUG com.lambdaworks.redis.resource.DefaultClientResources - -Dio.netty.eventLoopThreads: 4
21:21:36.052 [Test worker] DEBUG io.netty.util.ResourceLeakDetector - -Dio.netty.leakDetection.level: simple
21:21:36.053 [Test worker] DEBUG io.netty.util.ResourceLeakDetector - -Dio.netty.leakDetection.maxRecords: 4
21:21:36.053 [Test worker] DEBUG io.netty.util.ResourceLeakDetectorFactory - Loaded default ResourceLeakDetector: io.netty.util.ResourceLeakDetector@f0b544
21:21:36.059 [Test worker] DEBUG io.netty.util.internal.PlatformDependent - org.jctools-core.MpscChunkedArrayQueue: available
21:21:36.072 [Test worker] DEBUG com.lambdaworks.redis.resource.DefaultClientResources - LatencyUtils/HdrUtils are not available, metrics are disabled
21:21:36.087 [Test worker] DEBUG io.netty.buffer.ByteBufUtil - -Dio.netty.allocator.type: pooled
21:21:36.087 [Test worker] DEBUG io.netty.buffer.ByteBufUtil - -Dio.netty.threadLocalDirectBufferSize: 65536
21:21:36.087 [Test worker] DEBUG io.netty.buffer.ByteBufUtil - -Dio.netty.maxThreadLocalCharBufferSize: 16384
21:21:36.089 [Test worker] DEBUG io.netty.util.Recycler - -Dio.netty.recycler.maxCapacityPerThread: 32768
21:21:36.090 [Test worker] DEBUG io.netty.util.Recycler - -Dio.netty.recycler.maxSharedCapacityFactor: 2
21:21:36.090 [Test worker] DEBUG io.netty.util.Recycler - -Dio.netty.recycler.linkCapacity: 16
21:21:36.090 [Test worker] DEBUG io.netty.util.Recycler - -Dio.netty.recycler.ratio: 8
21:21:36.099 [Test worker] DEBUG io.netty.buffer.AbstractByteBuf - -Dio.netty.buffer.bytebuf.checkAccessible: true
21:21:36.099 [Test worker] DEBUG io.netty.util.ResourceLeakDetectorFactory - Loaded default ResourceLeakDetector: io.netty.util.ResourceLeakDetector@79b2e8
21:21:36.277 [Test worker] DEBUG io.netty.channel.MultithreadEventLoopGroup - -Dio.netty.eventLoopThreads: 8
21:21:36.281 [Test worker] DEBUG io.netty.channel.nio.NioEventLoop - -Dio.netty.noKeySetOptimization: false
21:21:36.281 [Test worker] DEBUG io.netty.channel.nio.NioEventLoop - -Dio.netty.selectorAutoRebuildThreshold: 512
21:21:36.284 [Test worker] DEBUG com.lambdaworks.redis.resource.DefaultEventLoopGroupProvider - Adding reference to io.netty.channel.nio.NioEventLoopGroup@df2769, existing ref count 0
21:21:36.289 [Test worker] DEBUG com.lambdaworks.redis.RedisClient - Resolved SocketAddress localhost/127.0.0.1:6379 using RedisURI [host='localhost', port=6379]
21:21:36.290 [Test worker] DEBUG com.lambdaworks.redis.RedisClient - Connecting to Redis at localhost/127.0.0.1:6379
21:21:36.341 [Test worker] DEBUG io.netty.channel.DefaultChannelId - -Dio.netty.processId: 4817 (auto-detected)
21:21:36.350 [Test worker] DEBUG io.netty.util.NetUtil - -Djava.net.preferIPv4Stack: false
21:21:36.351 [Test worker] DEBUG io.netty.util.NetUtil - -Djava.net.preferIPv6Addresses: false
21:21:36.352 [Test worker] DEBUG io.netty.util.NetUtil - Loopback interface: lo (lo, 0:0:0:0:0:0:0:1%lo)
21:21:36.353 [Test worker] DEBUG io.netty.util.NetUtil - /proc/sys/net/core/somaxconn: 512
21:21:36.354 [Test worker] DEBUG io.netty.channel.DefaultChannelId - -Dio.netty.machineId: 34:de:1a:ff:fe:42:21:0b (auto-detected)
21:21:36.354 [Test worker] DEBUG io.netty.util.internal.ThreadLocalRandom - -Dio.netty.initialSeedUniquifier: 0x8771f27702f5710a
21:21:36.441 [lettuce-nioEventLoop-5-1] DEBUG com.lambdaworks.redis.protocol.CommandHandler - [chid=0x1, channel=0x51432860, [id: 0x51432860] (inactive)] channelRegistered()
21:21:36.450 [lettuce-nioEventLoop-5-1] DEBUG com.lambdaworks.redis.protocol.CommandHandler - [chid=0x1, channel=0x51432860, /127.0.0.1:38154 -> ] channelActive()
21:21:36.451 [lettuce-nioEventLoop-5-1] DEBUG com.lambdaworks.redis.protocol.CommandHandler - [chid=0x1, channel=0x51432860, /127.0.0.1:38154 -> ] moveQueuedCommandsToCommandBuffer 0 command(s) added to buffer
21:21:36.451 [lettuce-nioEventLoop-5-1] DEBUG com.lambdaworks.redis.protocol.CommandHandler - [chid=0x1, channel=0x51432860, /127.0.0.1:38154 -> ] activateCommandHandlerAndExecuteBufferedCommands 0 command(s) buffered
21:21:36.451 [lettuce-nioEventLoop-5-1] DEBUG com.lambdaworks.redis.protocol.CommandHandler - [chid=0x1, channel=0x51432860, /127.0.0.1:38154 -> ] activating channel handler
21:21:36.453 [lettuce-nioEventLoop-5-1] DEBUG com.lambdaworks.redis.protocol.CommandHandler - [chid=0x1, channel=0x51432860, /127.0.0.1:38154 -> ] flushCommands()
21:21:36.454 [lettuce-nioEventLoop-5-1] DEBUG com.lambdaworks.redis.protocol.ConnectionWatchdog - [Last known addr=null, channel=0x51432860, /127.0.0.1:38154 -> ] channelActive(ChannelHandlerContext(ConnectionWatchdog#0, [id: 0x51432860, L:/127.0.0.1:38154 - R:localhost/127.0.0.1:6379]))
21:21:36.454 [lettuce-nioEventLoop-5-1] DEBUG com.lambdaworks.redis.protocol.CommandHandler - [chid=0x1, channel=0x51432860, /127.0.0.1:38154 -> ] channelActive() done
21:21:36.455 [lettuce-nioEventLoop-5-1] DEBUG com.lambdaworks.redis.protocol.ConnectionWatchdog - [Last known addr=null, channel=0x51432860, /127.0.0.1:38154 -> ] userEventTriggered(ChannelHandlerContext(ConnectionWatchdog#0, [id: 0x51432860, L:/127.0.0.1:38154 - R:localhost/127.0.0.1:6379]), com.lambdaworks.redis.ConnectionEvents$Activated@1a4565b)
21:21:36.469 [Test worker] DEBUG com.lambdaworks.redis.resource.DefaultClientResources - LatencyUtils/HdrUtils are not available, metrics are disabled
21:21:36.491 [Test worker] DEBUG com.lambdaworks.redis.resource.DefaultEventLoopGroupProvider - Adding reference to io.netty.channel.nio.NioEventLoopGroup@172a6b5, existing ref count 0
21:21:36.491 [Test worker] DEBUG com.lambdaworks.redis.RedisClient - Resolved SocketAddress localhost/127.0.0.1:6379 using RedisURI [host='localhost', port=6379]
21:21:36.491 [Test worker] DEBUG com.lambdaworks.redis.RedisClient - Connecting to Redis at localhost/127.0.0.1:6379
21:21:36.492 [lettuce-nioEventLoop-8-1] DEBUG com.lambdaworks.redis.protocol.CommandHandler - [chid=0x2, channel=0x8ba38044, [id: 0x8ba38044] (inactive)] channelRegistered()
21:21:36.495 [lettuce-nioEventLoop-8-1] DEBUG com.lambdaworks.redis.protocol.CommandHandler - [chid=0x2, channel=0x8ba38044, /127.0.0.1:38156 -> ] channelActive()
21:21:36.495 [lettuce-nioEventLoop-8-1] DEBUG com.lambdaworks.redis.protocol.CommandHandler - [chid=0x2, channel=0x8ba38044, /127.0.0.1:38156 -> ] moveQueuedCommandsToCommandBuffer 0 command(s) added to buffer
21:21:36.495 [lettuce-nioEventLoop-8-1] DEBUG com.lambdaworks.redis.protocol.CommandHandler - [chid=0x2, channel=0x8ba38044, /127.0.0.1:38156 -> ] activateCommandHandlerAndExecuteBufferedCommands 0 command(s) buffered
21:21:36.496 [lettuce-nioEventLoop-8-1] DEBUG com.lambdaworks.redis.protocol.CommandHandler - [chid=0x2, channel=0x8ba38044, /127.0.0.1:38156 -> ] activating channel handler
21:21:36.496 [lettuce-nioEventLoop-8-1] DEBUG com.lambdaworks.redis.protocol.CommandHandler - [chid=0x2, channel=0x8ba38044, /127.0.0.1:38156 -> ] flushCommands()
21:21:36.496 [lettuce-nioEventLoop-8-1] DEBUG com.lambdaworks.redis.protocol.ConnectionWatchdog - [Last known addr=null, channel=0x8ba38044, /127.0.0.1:38156 -> ] channelActive(ChannelHandlerContext(ConnectionWatchdog#0, [id: 0x8ba38044, L:/127.0.0.1:38156 - R:localhost/127.0.0.1:6379]))
21:21:36.496 [lettuce-nioEventLoop-8-1] DEBUG com.lambdaworks.redis.protocol.CommandHandler - [chid=0x2, channel=0x8ba38044, /127.0.0.1:38156 -> ] channelActive() done
21:21:36.497 [lettuce-nioEventLoop-8-1] DEBUG com.lambdaworks.redis.protocol.ConnectionWatchdog - [Last known addr=null, channel=0x8ba38044, /127.0.0.1:38156 -> ] userEventTriggered(ChannelHandlerContext(ConnectionWatchdog#0, [id: 0x8ba38044, L:/127.0.0.1:38156 - R:localhost/127.0.0.1:6379]), com.lambdaworks.redis.ConnectionEvents$Activated@c90478)
21:21:36.501 [Test worker] DEBUG com.lambdaworks.redis.resource.DefaultClientResources - LatencyUtils/HdrUtils are not available, metrics are disabled
21:21:36.513 [Test worker] DEBUG com.lambdaworks.redis.resource.DefaultEventLoopGroupProvider - Adding reference to io.netty.channel.nio.NioEventLoopGroup@1371e8, existing ref count 0
21:21:36.513 [Test worker] DEBUG com.lambdaworks.redis.RedisClient - Resolved SocketAddress localhost/127.0.0.1:6379 using RedisURI [host='localhost', port=6379]
21:21:36.513 [Test worker] DEBUG com.lambdaworks.redis.RedisClient - Connecting to Redis at localhost/127.0.0.1:6379
21:21:36.515 [lettuce-nioEventLoop-11-1] DEBUG com.lambdaworks.redis.protocol.CommandHandler - [chid=0x3, channel=0x9df4e472, [id: 0x9df4e472] (inactive)] channelRegistered()
21:21:36.515 [lettuce-nioEventLoop-11-1] DEBUG com.lambdaworks.redis.protocol.CommandHandler - [chid=0x3, channel=0x9df4e472, /127.0.0.1:38158 -> ] channelActive()
21:21:36.516 [lettuce-nioEventLoop-11-1] DEBUG com.lambdaworks.redis.protocol.CommandHandler - [chid=0x3, channel=0x9df4e472, /127.0.0.1:38158 -> ] moveQueuedCommandsToCommandBuffer 0 command(s) added to buffer
21:21:36.516 [lettuce-nioEventLoop-11-1] DEBUG com.lambdaworks.redis.protocol.CommandHandler - [chid=0x3, channel=0x9df4e472, /127.0.0.1:38158 -> ] activateCommandHandlerAndExecuteBufferedCommands 0 command(s) buffered
21:21:36.516 [lettuce-nioEventLoop-11-1] DEBUG com.lambdaworks.redis.protocol.CommandHandler - [chid=0x3, channel=0x9df4e472, /127.0.0.1:38158 -> ] activating channel handler
21:21:36.516 [lettuce-nioEventLoop-11-1] DEBUG com.lambdaworks.redis.protocol.CommandHandler - [chid=0x3, channel=0x9df4e472, /127.0.0.1:38158 -> ] flushCommands()
21:21:36.516 [lettuce-nioEventLoop-11-1] DEBUG com.lambdaworks.redis.protocol.ConnectionWatchdog - [Last known addr=null, channel=0x9df4e472, /127.0.0.1:38158 -> ] channelActive(ChannelHandlerContext(ConnectionWatchdog#0, [id: 0x9df4e472, L:/127.0.0.1:38158 - R:localhost/127.0.0.1:6379]))
21:21:36.516 [lettuce-nioEventLoop-11-1] DEBUG com.lambdaworks.redis.protocol.CommandHandler - [chid=0x3, channel=0x9df4e472, /127.0.0.1:38158 -> ] channelActive() done
21:21:36.516 [lettuce-nioEventLoop-11-1] DEBUG com.lambdaworks.redis.protocol.ConnectionWatchdog - [Last known addr=null, channel=0x9df4e472, /127.0.0.1:38158 -> ] userEventTriggered(ChannelHandlerContext(ConnectionWatchdog#0, [id: 0x9df4e472, L:/127.0.0.1:38158 - R:localhost/127.0.0.1:6379]), com.lambdaworks.redis.ConnectionEvents$Activated@1948075)
21:21:36.521 [Test worker] DEBUG com.lambdaworks.redis.resource.DefaultClientResources - LatencyUtils/HdrUtils are not available, metrics are disabled
21:21:36.532 [Test worker] DEBUG com.lambdaworks.redis.resource.DefaultEventLoopGroupProvider - Adding reference to io.netty.channel.nio.NioEventLoopGroup@11399ec, existing ref count 0
21:21:36.532 [Test worker] DEBUG com.lambdaworks.redis.RedisClient - Resolved SocketAddress localhost/127.0.0.1:6379 using RedisURI [host='localhost', port=6379]
21:21:36.532 [Test worker] DEBUG com.lambdaworks.redis.RedisClient - Connecting to Redis at localhost/127.0.0.1:6379
21:21:36.532 [lettuce-nioEventLoop-14-1] DEBUG com.lambdaworks.redis.protocol.CommandHandler - [chid=0x4, channel=0xfba85f6f, [id: 0xfba85f6f] (inactive)] channelRegistered()
21:21:36.533 [lettuce-nioEventLoop-14-1] DEBUG com.lambdaworks.redis.protocol.CommandHandler - [chid=0x4, channel=0xfba85f6f, /127.0.0.1:38160 -> ] channelActive()
21:21:36.533 [lettuce-nioEventLoop-14-1] DEBUG com.lambdaworks.redis.protocol.CommandHandler - [chid=0x4, channel=0xfba85f6f, /127.0.0.1:38160 -> ] moveQueuedCommandsToCommandBuffer 0 command(s) added to buffer
21:21:36.533 [lettuce-nioEventLoop-14-1] DEBUG com.lambdaworks.redis.protocol.CommandHandler - [chid=0x4, channel=0xfba85f6f, /127.0.0.1:38160 -> ] activateCommandHandlerAndExecuteBufferedCommands 0 command(s) buffered
21:21:36.533 [lettuce-nioEventLoop-14-1] DEBUG com.lambdaworks.redis.protocol.CommandHandler - [chid=0x4, channel=0xfba85f6f, /127.0.0.1:38160 -> ] activating channel handler
21:21:36.534 [lettuce-nioEventLoop-14-1] DEBUG com.lambdaworks.redis.protocol.CommandHandler - [chid=0x4, channel=0xfba85f6f, /127.0.0.1:38160 -> ] flushCommands()
21:21:36.535 [lettuce-nioEventLoop-14-1] DEBUG com.lambdaworks.redis.protocol.ConnectionWatchdog - [Last known addr=null, channel=0xfba85f6f, /127.0.0.1:38160 -> ] channelActive(ChannelHandlerContext(ConnectionWatchdog#0, [id: 0xfba85f6f, L:/127.0.0.1:38160 - R:localhost/127.0.0.1:6379]))
21:21:36.536 [lettuce-nioEventLoop-14-1] DEBUG com.lambdaworks.redis.protocol.CommandHandler - [chid=0x4, channel=0xfba85f6f, /127.0.0.1:38160 -> ] channelActive() done
21:21:36.536 [lettuce-nioEventLoop-14-1] DEBUG com.lambdaworks.redis.protocol.ConnectionWatchdog - [Last known addr=null, channel=0xfba85f6f, /127.0.0.1:38160 -> ] userEventTriggered(ChannelHandlerContext(ConnectionWatchdog#0, [id: 0xfba85f6f, L:/127.0.0.1:38160 - R:localhost/127.0.0.1:6379]), com.lambdaworks.redis.ConnectionEvents$Activated@12a7d18)
]]></system-out>
  <system-err><![CDATA[]]></system-err>
</testsuite>
